2025-03-27 10:06:53,515 - INFO - Starting Sentiment Analysis Pipeline...
2025-03-27 10:06:53,516 - INFO - Loading raw data...
2025-03-27 10:06:53,516 - INFO - Opening Excel Files...
2025-03-27 10:07:29,842 - INFO - Data successfully written to raw_tweets table.
2025-03-27 10:07:29,868 - INFO - Preprocessing data...
2025-03-27 10:08:29,801 - INFO - Starting Sentiment Analysis Pipeline...
2025-03-27 10:08:29,802 - INFO - Loading raw data...
2025-03-27 10:08:29,802 - INFO - Opening Excel Files...
2025-03-27 10:09:45,631 - INFO - Starting Sentiment Analysis Pipeline...
2025-03-27 10:09:45,632 - INFO - Loading raw data...
2025-03-27 10:09:45,632 - INFO - Opening Excel Files...
2025-03-27 10:10:18,865 - INFO - Data successfully written to raw_tweets table.
2025-03-27 10:10:18,889 - INFO - Preprocessing data...
2025-03-27 10:13:17,925 - INFO - Training the model...
2025-03-27 10:22:18,306 - INFO - Starting Sentiment Analysis Pipeline...
2025-03-27 10:22:18,307 - INFO - Loading raw data...
2025-03-27 10:22:18,307 - INFO - Opening Excel Files...
2025-03-27 10:22:51,619 - INFO - Data successfully written to raw_tweets table.
2025-03-27 10:22:51,642 - INFO - Preprocessing data...
2025-03-27 10:25:29,373 - INFO - Training the model...
2025-03-27 10:26:11,536 - INFO - Starting Sentiment Analysis Pipeline...
2025-03-27 10:26:11,536 - INFO - Loading raw data...
2025-03-27 10:26:11,536 - INFO - Opening Excel Files...
2025-03-27 10:26:46,343 - INFO - Data successfully written to raw_tweets table.
2025-03-27 10:26:46,367 - INFO - Preprocessing data...
2025-03-27 10:29:23,561 - INFO - Training the model...
2025-03-27 10:29:24,443 - INFO - saving model
2025-03-27 16:26:12,970 - INFO - Starting Sentiment Analysis Pipeline...
2025-03-27 16:26:12,971 - INFO - Loading raw data...
2025-03-27 16:26:12,971 - INFO - Opening Excel Files...
2025-03-27 16:26:48,840 - INFO - Data successfully written to raw_tweets table.
2025-03-27 16:26:48,864 - INFO - Preprocessing data...
2025-03-27 16:29:28,166 - INFO - Training the model...
2025-03-27 16:29:29,103 - INFO - saving model
2025-03-27 16:51:50,745 - INFO - Starting Sentiment Analysis Pipeline...
2025-03-27 16:51:50,745 - INFO - Loading raw data...
2025-03-27 16:51:50,745 - INFO - Opening Excel Files...
2025-03-27 16:52:23,322 - INFO - Data successfully written to raw_tweets table.
2025-03-27 16:52:23,365 - INFO - Preprocessing data...
2025-03-27 16:55:02,697 - INFO - Training the model...
2025-03-27 16:55:03,598 - INFO - saving model
